<?xml version="1.0" encoding="UTF-8"?>
<testng-results total="2" passed="2" failed="0" skipped="0">
  <reporter-output>
  </reporter-output>
  <suite started-at="2023-12-24T02:57:28Z" name="Suite" finished-at="2023-12-24T02:58:10Z" duration-ms="41709">
    <groups>
    </groups>
    <test started-at="2023-12-24T02:57:28Z" name="Test" finished-at="2023-12-24T02:58:10Z" duration-ms="41709">
      <class name="tests.demo">
        <test-method is-config="true" signature="cofigurationSetup()[pri:0, instance:tests.demo@48793bef]" started-at="2023-12-23T18:57:28Z" name="cofigurationSetup" finished-at="2023-12-23T18:57:39Z" duration-ms="11494" status="PASS">
          <reporter-output>
          </reporter-output>
        </test-method> <!-- cofigurationSetup -->
        <test-method signature="AppiumTest()[pri:0, instance:tests.demo@48793bef]" started-at="2023-12-23T18:57:39Z" name="AppiumTest" finished-at="2023-12-23T18:57:48Z" duration-ms="8622" status="PASS">
          <reporter-output>
          </reporter-output>
        </test-method> <!-- AppiumTest -->
        <test-method is-config="true" signature="tearDown()[pri:0, instance:tests.demo@48793bef]" started-at="2023-12-23T18:57:48Z" name="tearDown" finished-at="2023-12-23T18:57:49Z" duration-ms="891" status="PASS">
          <reporter-output>
          </reporter-output>
        </test-method> <!-- tearDown -->
      </class> <!-- tests.demo -->
      <class name="tests.demo2">
        <test-method is-config="true" signature="cofigurationSetup()[pri:0, instance:tests.demo2@7d286fb6]" started-at="2023-12-23T18:57:49Z" name="cofigurationSetup" finished-at="2023-12-23T18:58:01Z" duration-ms="12435" status="PASS">
          <reporter-output>
          </reporter-output>
        </test-method> <!-- cofigurationSetup -->
        <test-method signature="DragDropTest()[pri:0, instance:tests.demo2@7d286fb6]" started-at="2023-12-23T18:58:01Z" name="DragDropTest" finished-at="2023-12-23T18:58:09Z" duration-ms="7708" status="PASS">
          <reporter-output>
          </reporter-output>
        </test-method> <!-- DragDropTest -->
        <test-method is-config="true" signature="tearDown()[pri:0, instance:tests.demo2@7d286fb6]" started-at="2023-12-23T18:58:09Z" name="tearDown" finished-at="2023-12-23T18:58:10Z" duration-ms="539" status="PASS">
          <reporter-output>
          </reporter-output>
        </test-method> <!-- tearDown -->
      </class> <!-- tests.demo2 -->
    </test> <!-- Test -->
  </suite> <!-- Suite -->
</testng-results>
